230205 10:59:43 [Note] Plugin 'FEDERATED' is disabled.
230205 10:59:44  InnoDB: Initializing buffer pool, size = 8.0M
230205 10:59:44  InnoDB: Completed initialization of buffer pool
InnoDB: The first specified data file .\ibdata1 did not exist:
InnoDB: a new database to be created!
230205 10:59:44  InnoDB: Setting file .\ibdata1 size to 10 MB
InnoDB: Database physically writes the file full: wait...
230205 10:59:44  InnoDB: Log file .\ib_logfile0 did not exist: new to be created
InnoDB: Setting log file .\ib_logfile0 size to 5 MB
InnoDB: Database physically writes the file full: wait...
230205 10:59:44  InnoDB: Log file .\ib_logfile1 did not exist: new to be created
InnoDB: Setting log file .\ib_logfile1 size to 5 MB
InnoDB: Database physically writes the file full: wait...
InnoDB: Doublewrite buffer not found: creating new
InnoDB: Doublewrite buffer created
InnoDB: Creating foreign key constraint system tables
InnoDB: Foreign key constraint system tables created
230205 10:59:44  InnoDB: Started; log sequence number 0 0
230205 11:01:24 [Note] Plugin 'FEDERATED' is disabled.
230205 11:01:24  InnoDB: Initializing buffer pool, size = 8.0M
230205 11:01:24  InnoDB: Completed initialization of buffer pool
230205 11:01:24  InnoDB: Started; log sequence number 0 44233
230205 11:27:50 [Note] Plugin 'FEDERATED' is disabled.
230205 11:27:50  InnoDB: Initializing buffer pool, size = 8.0M
230205 11:27:50  InnoDB: Completed initialization of buffer pool
230205 11:27:50  InnoDB: Started; log sequence number 0 44233
230205 11:36:36 [Note] Plugin 'FEDERATED' is disabled.
230205 11:36:36  InnoDB: Initializing buffer pool, size = 8.0M
230205 11:36:36  InnoDB: Completed initialization of buffer pool
230205 11:36:36  InnoDB: Started; log sequence number 0 44233
230205 11:36:36 [Note] Event Scheduler: Loaded 0 events
230205 11:36:36 [Note] C:\Users\Alexander\Documents\GitHub\winter2023-cscd378-blog-final\laragon-6.0.0\bin\mysql\mysql-5.1.72-win32\bin\mysqld: ready for connections.
Version: '5.1.72-community'  socket: ''  port: 3306  MySQL Community Server (GPL)
230205 11:37:09 [Note] C:\Users\Alexander\Documents\GitHub\winter2023-cscd378-blog-final\laragon-6.0.0\bin\mysql\mysql-5.1.72-win32\bin\mysqld: Normal shutdown

230205 11:37:09 [Note] Event Scheduler: Purging the queue. 0 events
230205 11:37:09  InnoDB: Starting shutdown...
230205 11:37:12  InnoDB: Shutdown completed; log sequence number 0 44233
230205 11:37:12 [Note] C:\Users\Alexander\Documents\GitHub\winter2023-cscd378-blog-final\laragon-6.0.0\bin\mysql\mysql-5.1.72-win32\bin\mysqld: Shutdown complete

230205 11:45:24 [Note] Plugin 'FEDERATED' is disabled.
230205 11:45:24  InnoDB: Initializing buffer pool, size = 8.0M
230205 11:45:24  InnoDB: Completed initialization of buffer pool
230205 11:45:24  InnoDB: Started; log sequence number 0 44233
